<?xml version="1.0" encoding="UTF-8"?>

<game level="1">
    <move x="5" y="0" direction="up"/>
    <move x="5" y="1" direction="up"/>
    <move x="5" y="2" direction="up"/>
    <move x="4" y="2" direction="left"/>
    <collect item="green-key"/>
    <move x="3" y="2" direction="left"/>
    <move x="3" y="3" direction="down"/>
    <move x="3" y="4" direction="down"/>
    <move x="4" y="4" direction="right"/>
</game>
