<?xml version="1.0" encoding="UTF-8"?>

<game level="1">
    <state id="0" time="0"/>
    <state id="1" time="980">
        <action entityID="0" type="None" x="-1" y="0" prevDir="Down" currDir="Left" color="None"/>
    </state>
    <state id="2" time="1260">
        <action entityID="0" type="PickupTreasure" x="-1" y="0" prevDir="Left" currDir="Left" color="None"/>
    </state>
    <state id="3" time="1500">
        <action entityID="0" type="PickupKey" x="0" y="-1" prevDir="Left" currDir="Up" color="Blue"/>
    </state>
    <state id="4" time="1780">
        <action entityID="0" type="None" x="0" y="-1" prevDir="Up" currDir="Up" color="None"/>
    </state>
    <state id="5" time="2020">
        <action entityID="0" type="UnlockDoor" x="-1" y="0" prevDir="Up" currDir="Left" color="Blue"/>
    </state>
    <state id="6" time="2300">
        <action entityID="0" type="None" x="-1" y="0" prevDir="Left" currDir="Left" color="None"/>
    </state>
    <state id="7" time="2520">
        <action entityID="0" type="PickupKey" x="-1" y="0" prevDir="Left" currDir="Left" color="Yellow"/>
    </state>
    <state id="8" time="2780">
        <action entityID="0" type="PickupTreasure" x="0" y="1" prevDir="Left" currDir="Down" color="None"/>
    </state>
    <state id="9" time="2980">
        <action entityID="0" type="None" x="1" y="0" prevDir="Down" currDir="Right" color="None"/>
    </state>
    <state id="10" time="3180">
        <action entityID="0" type="None" x="0" y="-1" prevDir="Right" currDir="Up" color="None"/>
    </state>
    <state id="11" time="3400">
        <action entityID="0" type="None" x="1" y="0" prevDir="Up" currDir="Right" color="None"/>
    </state>
    <state id="12" time="3600">
        <action entityID="0" type="None" x="1" y="0" prevDir="Right" currDir="Right" color="None"/>
    </state>
    <state id="13" time="3840">
        <action entityID="0" type="None" x="0" y="1" prevDir="Right" currDir="Down" color="None"/>
    </state>
    <state id="14" time="4100">
        <action entityID="0" type="None" x="0" y="1" prevDir="Down" currDir="Down" color="None"/>
    </state>
    <state id="15" time="4380">
        <action entityID="0" type="PickupKey" x="0" y="1" prevDir="Down" currDir="Down" color="Blue"/>
    </state>
    <state id="16" time="4640">
        <action entityID="0" type="None" x="0" y="1" prevDir="Down" currDir="Down" color="None"/>
    </state>
    <state id="17" time="4840">
        <action entityID="0" type="None" x="1" y="0" prevDir="Down" currDir="Right" color="None"/>
    </state>
    <state id="18" time="5060">
        <action entityID="0" type="UnlockDoor" x="0" y="1" prevDir="Right" currDir="Down" color="Yellow"/>
    </state>
    <state id="19" time="5280">
        <action entityID="0" type="None" x="0" y="1" prevDir="Down" currDir="Down" color="None"/>
    </state>
    <state id="20" time="5580">
        <action entityID="0" type="PickupTreasure" x="0" y="1" prevDir="Down" currDir="Down" color="None"/>
    </state>
    <state id="21" time="5800">
        <action entityID="0" type="PickupKey" x="0" y="1" prevDir="Down" currDir="Down" color="Green"/>
    </state>
    <state id="22" time="6080">
        <action entityID="0" type="None" x="0" y="-1" prevDir="Down" currDir="Up" color="None"/>
    </state>
    <state id="23" time="6320">
        <action entityID="0" type="None" x="0" y="-1" prevDir="Up" currDir="Up" color="None"/>
    </state>
    <state id="24" time="6560">
        <action entityID="0" type="None" x="0" y="-1" prevDir="Up" currDir="Up" color="None"/>
    </state>
    <state id="25" time="6780">
        <action entityID="0" type="None" x="0" y="-1" prevDir="Up" currDir="Up" color="None"/>
    </state>
    <state id="26" time="6980">
        <action entityID="0" type="PickupTreasure" x="1" y="0" prevDir="Up" currDir="Right" color="None"/>
    </state>
    <state id="27" time="7180">
        <action entityID="0" type="None" x="1" y="0" prevDir="Right" currDir="Right" color="None"/>
    </state>
    <state id="28" time="7400">
        <action entityID="0" type="None" x="1" y="0" prevDir="Right" currDir="Right" color="None"/>
    </state>
    <state id="29" time="7700">
        <action entityID="0" type="UnlockDoor" x="1" y="0" prevDir="Right" currDir="Right" color="Blue"/>
    </state>
    <state id="30" time="8000">
        <action entityID="0" type="None" x="1" y="0" prevDir="Right" currDir="Right" color="None"/>
    </state>
    <state id="31" time="8220">
        <action entityID="0" type="None" x="1" y="0" prevDir="Right" currDir="Right" color="None"/>
    </state>
    <state id="32" time="8440">
        <action entityID="0" type="PickupTreasure" x="0" y="-1" prevDir="Right" currDir="Up" color="None"/>
    </state>
    <state id="33" time="8680">
        <action entityID="0" type="None" x="-1" y="0" prevDir="Up" currDir="Left" color="None"/>
    </state>
    <state id="34" time="8900">
        <action entityID="0" type="None" x="0" y="1" prevDir="Left" currDir="Down" color="None"/>
    </state>
    <state id="35" time="9140">
        <action entityID="0" type="None" x="-1" y="0" prevDir="Down" currDir="Left" color="None"/>
    </state>
    <state id="36" time="9400">
        <action entityID="0" type="None" x="-1" y="0" prevDir="Left" currDir="Left" color="None"/>
    </state>
    <state id="37" time="9600">
        <action entityID="0" type="PickupKey" x="0" y="-1" prevDir="Left" currDir="Up" color="Red"/>
    </state>
    <state id="38" time="9840">
        <action entityID="0" type="PickupTreasure" x="0" y="-1" prevDir="Up" currDir="Up" color="None"/>
    </state>
    <state id="39" time="10100">
        <action entityID="0" type="PickupKey" x="0" y="-1" prevDir="Up" currDir="Up" color="Red"/>
    </state>
    <state id="40" time="10360">
        <action entityID="0" type="None" x="0" y="-1" prevDir="Up" currDir="Up" color="None"/>
    </state>
    <state id="41" time="10580">
        <action entityID="0" type="UnlockDoor" x="0" y="-1" prevDir="Up" currDir="Up" color="Green"/>
    </state>
    <state id="42" time="10840">
        <action entityID="0" type="None" x="0" y="-1" prevDir="Up" currDir="Up" color="None"/>
    </state>
    <state id="43" time="11040">
        <action entityID="0" type="PickupTreasure" x="1" y="0" prevDir="Up" currDir="Right" color="None"/>
    </state>
    <state id="44" time="11280">
        <action entityID="0" type="None" x="-1" y="0" prevDir="Right" currDir="Left" color="None"/>
    </state>
    <state id="45" time="11480">
        <action entityID="0" type="None" x="0" y="1" prevDir="Left" currDir="Down" color="None"/>
    </state>
    <state id="46" time="11680">
        <action entityID="0" type="None" x="0" y="1" prevDir="Down" currDir="Down" color="None"/>
    </state>
    <state id="47" time="11860">
        <action entityID="0" type="UnlockDoor" x="1" y="0" prevDir="Down" currDir="Right" color="Red"/>
    </state>
    <state id="48" time="12120">
        <action entityID="0" type="None" x="1" y="0" prevDir="Right" currDir="Right" color="None"/>
    </state>
    <state id="49" time="12340">
        <action entityID="0" type="PickupKey" x="1" y="0" prevDir="Right" currDir="Right" color="Yellow"/>
    </state>
    <state id="50" time="12560">
        <action entityID="0" type="PickupTreasure" x="0" y="1" prevDir="Right" currDir="Down" color="None"/>
    </state>
    <state id="51" time="12780">
        <action entityID="0" type="None" x="0" y="-1" prevDir="Down" currDir="Up" color="None"/>
    </state>
    <state id="52" time="13020">
        <action entityID="0" type="None" x="-1" y="0" prevDir="Up" currDir="Left" color="None"/>
    </state>
    <state id="53" time="13220">
        <action entityID="0" type="None" x="-1" y="0" prevDir="Left" currDir="Left" color="None"/>
    </state>
    <state id="54" time="13460">
        <action entityID="0" type="None" x="-1" y="0" prevDir="Left" currDir="Left" color="None"/>
    </state>
    <state id="55" time="13720">
        <action entityID="0" type="None" x="-1" y="0" prevDir="Left" currDir="Left" color="None"/>
    </state>
    <state id="56" time="13940">
        <action entityID="0" type="None" x="0" y="1" prevDir="Left" currDir="Down" color="None"/>
    </state>
    <state id="57" time="14160">
        <action entityID="0" type="None" x="0" y="1" prevDir="Down" currDir="Down" color="None"/>
    </state>
    <state id="58" time="14400">
        <action entityID="0" type="None" x="0" y="1" prevDir="Down" currDir="Down" color="None"/>
    </state>
    <state id="59" time="14600">
        <action entityID="0" type="None" x="0" y="1" prevDir="Down" currDir="Down" color="None"/>
    </state>
    <state id="60" time="14880">
        <action entityID="0" type="UnlockDoor" x="0" y="1" prevDir="Down" currDir="Down" color="Yellow"/>
    </state>
    <state id="61" time="15100">
        <action entityID="0" type="None" x="0" y="1" prevDir="Down" currDir="Down" color="None"/>
    </state>
    <state id="62" time="15340">
        <action entityID="0" type="PickupTreasure" x="0" y="1" prevDir="Down" currDir="Down" color="None"/>
    </state>
    <state id="63" time="15500">
        <action entityID="0" type="PickupKey" x="0" y="1" prevDir="Down" currDir="Down" color="Green"/>
    </state>
    <state id="64" time="15680">
        <action entityID="0" type="None" x="0" y="-1" prevDir="Down" currDir="Up" color="None"/>
    </state>
    <state id="65" time="15840">
        <action entityID="0" type="None" x="0" y="-1" prevDir="Up" currDir="Up" color="None"/>
    </state>
    <state id="66" time="16080">
        <action entityID="0" type="None" x="0" y="-1" prevDir="Up" currDir="Up" color="None"/>
    </state>
    <state id="67" time="16320">
        <action entityID="0" type="None" x="0" y="-1" prevDir="Up" currDir="Up" color="None"/>
    </state>
    <state id="68" time="16560">
        <action entityID="0" type="None" x="-1" y="0" prevDir="Up" currDir="Left" color="None"/>
    </state>
    <state id="69" time="16760">
        <action entityID="0" type="None" x="-1" y="0" prevDir="Left" currDir="Left" color="None"/>
    </state>
    <state id="70" time="17000">
        <action entityID="0" type="None" x="-1" y="0" prevDir="Left" currDir="Left" color="None"/>
    </state>
    <state id="71" time="17260">
        <action entityID="0" type="UnlockDoor" x="-1" y="0" prevDir="Left" currDir="Left" color="Red"/>
    </state>
    <state id="72" time="17520">
        <action entityID="0" type="None" x="-1" y="0" prevDir="Left" currDir="Left" color="None"/>
    </state>
    <state id="73" time="17780">
        <action entityID="0" type="None" x="-1" y="0" prevDir="Left" currDir="Left" color="None"/>
    </state>
    <state id="74" time="17980">
        <action entityID="0" type="PickupTreasure" x="0" y="-1" prevDir="Left" currDir="Up" color="None"/>
    </state>
    <state id="75" time="18180">
        <action entityID="0" type="None" x="0" y="1" prevDir="Up" currDir="Down" color="None"/>
    </state>
    <state id="76" time="18380">
        <action entityID="0" type="None" x="1" y="0" prevDir="Down" currDir="Right" color="None"/>
    </state>
    <state id="77" time="18600">
        <action entityID="0" type="None" x="1" y="0" prevDir="Right" currDir="Right" color="None"/>
    </state>
    <state id="78" time="18780">
        <action entityID="0" type="None" x="1" y="0" prevDir="Right" currDir="Right" color="None"/>
    </state>
    <state id="79" time="18980">
        <action entityID="0" type="None" x="0" y="-1" prevDir="Right" currDir="Up" color="None"/>
    </state>
    <state id="80" time="19140">
        <action entityID="0" type="None" x="0" y="-1" prevDir="Up" currDir="Up" color="None"/>
    </state>
    <state id="81" time="19380">
        <action entityID="0" type="None" x="0" y="-1" prevDir="Up" currDir="Up" color="None"/>
    </state>
    <state id="82" time="19580">
        <action entityID="0" type="None" x="0" y="-1" prevDir="Up" currDir="Up" color="None"/>
    </state>
    <state id="83" time="19780">
        <action entityID="0" type="UnlockDoor" x="0" y="-1" prevDir="Up" currDir="Up" color="Green"/>
    </state>
    <state id="84" time="20040">
        <action entityID="0" type="None" x="0" y="-1" prevDir="Up" currDir="Up" color="None"/>
    </state>
    <state id="85" time="20240">
        <action entityID="0" type="PickupTreasure" x="-1" y="0" prevDir="Up" currDir="Left" color="None"/>
    </state>
    <state id="86" time="20420">
        <action entityID="0" type="None" x="1" y="0" prevDir="Left" currDir="Right" color="None"/>
    </state>
    <state id="87" time="20660">
        <action entityID="0" type="None" x="0" y="1" prevDir="Right" currDir="Down" color="None"/>
    </state>
    <state id="88" time="20860">
        <action entityID="0" type="None" x="0" y="1" prevDir="Down" currDir="Down" color="None"/>
    </state>
    <state id="89" time="21080">
        <action entityID="0" type="None" x="1" y="0" prevDir="Down" currDir="Right" color="None"/>
    </state>
    <state id="90" time="21280">
        <action entityID="0" type="None" x="1" y="0" prevDir="Right" currDir="Right" color="None"/>
    </state>
    <state id="91" time="21500">
        <action entityID="0" type="UnlockExit" x="0" y="-1" prevDir="Right" currDir="Up" color="None"/>
    </state>
    <state id="92" time="21740">
        <action entityID="0" type="None" x="0" y="-1" prevDir="Up" currDir="Up" color="None"/>
    </state>
</game>
